2023-09-13 04:48:41.414 [info] Log level: Info
2023-09-13 04:48:41.414 [info] Validating found git in: "git"
2023-09-13 04:48:41.414 [info] Using git "2.20.1" from "git"
2023-09-13 04:48:41.414 [info] > git rev-parse --show-toplevel [33ms]
2023-09-13 04:48:41.414 [info] fatal: not a git repository (or any of the parent directories): .git
2023-09-13 04:48:43.799 [info] > git rev-parse --show-toplevel [1ms]
2023-09-13 04:48:43.799 [info] fatal: not a git repository (or any of the parent directories): .git
2023-09-13 07:50:39.054 [info] > git rev-parse --show-toplevel [5ms]
2023-09-13 07:50:39.054 [info] fatal: not a git repository (or any of the parent directories): .git
2023-09-13 11:42:07.922 [info] > git rev-parse --show-toplevel [3ms]
2023-09-13 11:42:07.923 [info] fatal: not a git repository (or any of the parent directories): .git
2023-09-13 11:42:10.391 [info] > git rev-parse --show-toplevel [0ms]
2023-09-13 11:42:10.391 [info] fatal: not a git repository (or any of the parent directories): .git
2023-09-13 11:42:12.489 [info] > git rev-parse --show-toplevel [1ms]
2023-09-13 11:42:12.489 [info] fatal: not a git repository (or any of the parent directories): .git
2023-09-13 11:42:24.260 [info] > git rev-parse --show-toplevel [0ms]
2023-09-13 11:42:24.260 [info] fatal: not a git repository (or any of the parent directories): .git
2023-09-13 11:42:27.651 [info] > git rev-parse --show-toplevel [0ms]
2023-09-13 11:42:27.652 [info] fatal: not a git repository (or any of the parent directories): .git
2023-09-13 11:43:04.582 [info] > git rev-parse --show-toplevel [0ms]
2023-09-13 11:43:04.582 [info] fatal: not a git repository (or any of the parent directories): .git
2023-09-13 11:44:45.008 [info] > git rev-parse --show-toplevel [1ms]
2023-09-13 11:44:45.009 [info] fatal: not a git repository (or any of the parent directories): .git
2023-09-13 11:50:21.534 [info] > git rev-parse --show-toplevel [1ms]
2023-09-13 11:50:21.534 [info] fatal: not a git repository (or any of the parent directories): .git
2023-09-13 11:50:38.088 [info] > git rev-parse --show-toplevel [1ms]
2023-09-13 11:50:38.088 [info] fatal: not a git repository (or any of the parent directories): .git
2023-09-13 11:50:38.804 [info] > git rev-parse --show-toplevel [1ms]
2023-09-13 11:50:38.804 [info] fatal: not a git repository (or any of the parent directories): .git
2023-09-13 11:50:43.460 [info] > git rev-parse --show-toplevel [1ms]
2023-09-13 11:50:43.460 [info] fatal: not a git repository (or any of the parent directories): .git
2023-09-13 11:50:44.742 [info] > git rev-parse --show-toplevel [2ms]
2023-09-13 11:50:44.742 [info] fatal: not a git repository (or any of the parent directories): .git
2023-09-13 11:50:56.427 [info] > git rev-parse --show-toplevel [0ms]
2023-09-13 11:50:56.427 [info] fatal: not a git repository (or any of the parent directories): .git
2023-09-13 11:50:57.783 [info] > git rev-parse --show-toplevel [1ms]
2023-09-13 11:50:57.783 [info] fatal: not a git repository (or any of the parent directories): .git
2023-09-13 11:51:08.790 [info] > git rev-parse --show-toplevel [0ms]
2023-09-13 11:51:08.790 [info] fatal: not a git repository (or any of the parent directories): .git
2023-09-13 11:51:12.025 [info] > git rev-parse --show-toplevel [1ms]
2023-09-13 11:51:12.025 [info] fatal: not a git repository (or any of the parent directories): .git
2023-09-13 11:55:20.384 [info] > git rev-parse --show-toplevel [1ms]
2023-09-13 11:55:20.384 [info] fatal: not a git repository (or any of the parent directories): .git
2023-09-13 11:55:21.665 [info] > git rev-parse --show-toplevel [0ms]
2023-09-13 11:55:21.665 [info] fatal: not a git repository (or any of the parent directories): .git
2023-09-13 11:55:45.901 [info] > git rev-parse --show-toplevel [1ms]
2023-09-13 11:55:45.901 [info] fatal: not a git repository (or any of the parent directories): .git
2023-09-13 11:58:44.450 [info] > git rev-parse --show-toplevel [2ms]
2023-09-13 11:58:44.450 [info] fatal: not a git repository (or any of the parent directories): .git
2023-09-13 11:58:50.107 [info] > git rev-parse --show-toplevel [0ms]
2023-09-13 11:58:50.107 [info] fatal: not a git repository (or any of the parent directories): .git
2023-09-13 12:00:03.515 [info] > git rev-parse --show-toplevel [1ms]
2023-09-13 12:00:03.515 [info] fatal: not a git repository (or any of the parent directories): .git
2023-09-13 12:00:12.423 [info] > git rev-parse --show-toplevel [1ms]
2023-09-13 12:00:12.423 [info] fatal: not a git repository (or any of the parent directories): .git
2023-09-13 12:00:25.100 [info] > git rev-parse --show-toplevel [0ms]
2023-09-13 12:00:25.100 [info] fatal: not a git repository (or any of the parent directories): .git
2023-09-13 12:00:28.562 [info] > git rev-parse --show-toplevel [1ms]
2023-09-13 12:00:28.562 [info] fatal: not a git repository (or any of the parent directories): .git
2023-09-13 12:00:59.107 [info] > git rev-parse --show-toplevel [0ms]
2023-09-13 12:00:59.107 [info] fatal: not a git repository (or any of the parent directories): .git
2023-09-13 12:01:03.011 [info] > git rev-parse --show-toplevel [0ms]
2023-09-13 12:01:03.011 [info] fatal: not a git repository (or any of the parent directories): .git
2023-09-13 12:01:06.313 [info] > git rev-parse --show-toplevel [0ms]
2023-09-13 12:01:06.313 [info] fatal: not a git repository (or any of the parent directories): .git
2023-09-13 12:01:08.146 [info] > git rev-parse --show-toplevel [1ms]
2023-09-13 12:01:08.146 [info] fatal: not a git repository (or any of the parent directories): .git
2023-09-13 12:01:16.843 [info] > git rev-parse --show-toplevel [2ms]
2023-09-13 12:01:16.843 [info] fatal: not a git repository (or any of the parent directories): .git
2023-09-13 12:01:17.582 [info] > git rev-parse --show-toplevel [0ms]
2023-09-13 12:01:17.582 [info] fatal: not a git repository (or any of the parent directories): .git
2023-09-13 12:01:59.036 [info] > git rev-parse --show-toplevel [1ms]
2023-09-13 12:01:59.036 [info] fatal: not a git repository (or any of the parent directories): .git
2023-09-13 12:02:04.004 [info] > git rev-parse --show-toplevel [0ms]
2023-09-13 12:02:04.004 [info] fatal: not a git repository (or any of the parent directories): .git
2023-09-13 12:02:59.070 [info] > git rev-parse --show-toplevel [2ms]
2023-09-13 12:02:59.070 [info] fatal: not a git repository (or any of the parent directories): .git
2023-09-13 12:03:08.631 [info] > git rev-parse --show-toplevel [1ms]
2023-09-13 12:03:08.631 [info] fatal: not a git repository (or any of the parent directories): .git
2023-09-13 12:03:52.339 [info] > git rev-parse --show-toplevel [1ms]
2023-09-13 12:03:52.339 [info] fatal: not a git repository (or any of the parent directories): .git
2023-09-13 12:03:59.081 [info] > git rev-parse --show-toplevel [1ms]
2023-09-13 12:03:59.081 [info] fatal: not a git repository (or any of the parent directories): .git
2023-09-13 12:03:59.933 [info] > git rev-parse --show-toplevel [0ms]
2023-09-13 12:03:59.933 [info] fatal: not a git repository (or any of the parent directories): .git
2023-09-13 12:04:07.620 [info] > git rev-parse --show-toplevel [0ms]
2023-09-13 12:04:07.620 [info] fatal: not a git repository (or any of the parent directories): .git
2023-09-13 12:04:08.517 [info] > git rev-parse --show-toplevel [1ms]
2023-09-13 12:04:08.517 [info] fatal: not a git repository (or any of the parent directories): .git
2023-09-13 12:04:13.748 [info] > git rev-parse --show-toplevel [0ms]
2023-09-13 12:04:13.748 [info] fatal: not a git repository (or any of the parent directories): .git
2023-09-13 12:04:19.787 [info] > git rev-parse --show-toplevel [1ms]
2023-09-13 12:04:19.787 [info] fatal: not a git repository (or any of the parent directories): .git
2023-09-13 12:04:42.331 [info] > git rev-parse --show-toplevel [0ms]
2023-09-13 12:04:42.331 [info] fatal: not a git repository (or any of the parent directories): .git
2023-09-13 12:04:52.085 [info] > git rev-parse --show-toplevel [1ms]
2023-09-13 12:04:52.085 [info] fatal: not a git repository (or any of the parent directories): .git
2023-09-13 12:04:56.274 [info] > git rev-parse --show-toplevel [1ms]
2023-09-13 12:04:56.274 [info] fatal: not a git repository (or any of the parent directories): .git
2023-09-13 12:05:10.021 [info] > git rev-parse --show-toplevel [1ms]
2023-09-13 12:05:10.021 [info] fatal: not a git repository (or any of the parent directories): .git
2023-09-13 12:05:11.882 [info] > git rev-parse --show-toplevel [1ms]
2023-09-13 12:05:11.882 [info] fatal: not a git repository (or any of the parent directories): .git
2023-09-13 12:05:24.658 [info] > git rev-parse --show-toplevel [0ms]
2023-09-13 12:05:24.659 [info] fatal: not a git repository (or any of the parent directories): .git
2023-09-13 12:05:42.518 [info] > git rev-parse --show-toplevel [0ms]
2023-09-13 12:05:42.519 [info] fatal: not a git repository (or any of the parent directories): .git
2023-09-13 12:05:48.410 [info] > git rev-parse --show-toplevel [0ms]
2023-09-13 12:05:48.410 [info] fatal: not a git repository (or any of the parent directories): .git
2023-09-13 12:06:21.671 [info] > git rev-parse --show-toplevel [1ms]
2023-09-13 12:06:21.671 [info] fatal: not a git repository (or any of the parent directories): .git
2023-09-13 12:06:22.801 [info] > git rev-parse --show-toplevel [0ms]
2023-09-13 12:06:22.801 [info] fatal: not a git repository (or any of the parent directories): .git
2023-09-13 12:06:27.952 [info] > git rev-parse --show-toplevel [0ms]
2023-09-13 12:06:27.952 [info] fatal: not a git repository (or any of the parent directories): .git
2023-09-13 12:06:33.760 [info] > git rev-parse --show-toplevel [0ms]
2023-09-13 12:06:33.760 [info] fatal: not a git repository (or any of the parent directories): .git
2023-09-13 12:06:53.105 [info] > git rev-parse --show-toplevel [0ms]
2023-09-13 12:06:53.105 [info] fatal: not a git repository (or any of the parent directories): .git
2023-09-13 12:06:54.069 [info] > git rev-parse --show-toplevel [0ms]
2023-09-13 12:06:54.069 [info] fatal: not a git repository (or any of the parent directories): .git
2023-09-13 12:07:21.564 [info] > git rev-parse --show-toplevel [1ms]
2023-09-13 12:07:21.564 [info] fatal: not a git repository (or any of the parent directories): .git
2023-09-13 12:07:28.521 [info] > git rev-parse --show-toplevel [1ms]
2023-09-13 12:07:28.521 [info] fatal: not a git repository (or any of the parent directories): .git
2023-09-13 12:07:32.046 [info] > git rev-parse --show-toplevel [1ms]
2023-09-13 12:07:32.046 [info] fatal: not a git repository (or any of the parent directories): .git
2023-09-13 12:07:37.979 [info] > git rev-parse --show-toplevel [0ms]
2023-09-13 12:07:37.979 [info] fatal: not a git repository (or any of the parent directories): .git
2023-09-13 12:07:39.356 [info] > git rev-parse --show-toplevel [1ms]
2023-09-13 12:07:39.356 [info] fatal: not a git repository (or any of the parent directories): .git
2023-09-13 12:07:44.409 [info] > git rev-parse --show-toplevel [0ms]
2023-09-13 12:07:44.409 [info] fatal: not a git repository (or any of the parent directories): .git
2023-09-13 12:07:47.797 [info] > git rev-parse --show-toplevel [0ms]
2023-09-13 12:07:47.797 [info] fatal: not a git repository (or any of the parent directories): .git
2023-09-13 12:07:59.933 [info] > git rev-parse --show-toplevel [0ms]
2023-09-13 12:07:59.933 [info] fatal: not a git repository (or any of the parent directories): .git
2023-09-13 12:08:01.779 [info] > git rev-parse --show-toplevel [0ms]
2023-09-13 12:08:01.779 [info] fatal: not a git repository (or any of the parent directories): .git
2023-09-13 12:08:44.306 [info] > git rev-parse --show-toplevel [1ms]
2023-09-13 12:08:44.306 [info] fatal: not a git repository (or any of the parent directories): .git
2023-09-13 12:08:49.182 [info] > git rev-parse --show-toplevel [1ms]
2023-09-13 12:08:49.182 [info] fatal: not a git repository (or any of the parent directories): .git
2023-09-13 12:11:00.649 [info] > git rev-parse --show-toplevel [1ms]
2023-09-13 12:11:00.649 [info] fatal: not a git repository (or any of the parent directories): .git
2023-09-13 12:11:16.066 [info] > git rev-parse --show-toplevel [0ms]
2023-09-13 12:11:16.067 [info] fatal: not a git repository (or any of the parent directories): .git
2023-09-13 12:14:17.466 [info] > git rev-parse --show-toplevel [1ms]
2023-09-13 12:14:17.466 [info] fatal: not a git repository (or any of the parent directories): .git
2023-09-13 12:14:20.565 [info] > git rev-parse --show-toplevel [1ms]
2023-09-13 12:14:20.565 [info] fatal: not a git repository (or any of the parent directories): .git
2023-09-13 12:14:28.316 [info] > git rev-parse --show-toplevel [0ms]
2023-09-13 12:14:28.316 [info] fatal: not a git repository (or any of the parent directories): .git
2023-09-13 12:14:46.144 [info] > git rev-parse --show-toplevel [0ms]
2023-09-13 12:14:46.144 [info] fatal: not a git repository (or any of the parent directories): .git
2023-09-13 12:14:47.409 [info] > git rev-parse --show-toplevel [2ms]
2023-09-13 12:14:47.409 [info] fatal: not a git repository (or any of the parent directories): .git
2023-09-13 12:14:53.402 [info] > git rev-parse --show-toplevel [1ms]
2023-09-13 12:14:53.402 [info] fatal: not a git repository (or any of the parent directories): .git
2023-09-13 12:14:54.711 [info] > git rev-parse --show-toplevel [1ms]
2023-09-13 12:14:54.711 [info] fatal: not a git repository (or any of the parent directories): .git
2023-09-13 12:14:56.530 [info] > git rev-parse --show-toplevel [0ms]
2023-09-13 12:14:56.530 [info] fatal: not a git repository (or any of the parent directories): .git
2023-09-13 12:14:59.270 [info] > git rev-parse --show-toplevel [1ms]
2023-09-13 12:14:59.270 [info] fatal: not a git repository (or any of the parent directories): .git
2023-09-13 12:17:48.871 [info] > git rev-parse --show-toplevel [1ms]
2023-09-13 12:17:48.871 [info] fatal: not a git repository (or any of the parent directories): .git
2023-09-13 12:18:15.343 [info] > git rev-parse --show-toplevel [1ms]
2023-09-13 12:18:15.343 [info] fatal: not a git repository (or any of the parent directories): .git
2023-09-13 12:18:16.963 [info] > git rev-parse --show-toplevel [1ms]
2023-09-13 12:18:16.963 [info] fatal: not a git repository (or any of the parent directories): .git
2023-09-13 12:18:35.723 [info] > git rev-parse --show-toplevel [1ms]
2023-09-13 12:18:35.723 [info] fatal: not a git repository (or any of the parent directories): .git
2023-09-13 12:18:43.336 [info] > git rev-parse --show-toplevel [1ms]
2023-09-13 12:18:43.336 [info] fatal: not a git repository (or any of the parent directories): .git
2023-09-13 12:18:44.845 [info] > git rev-parse --show-toplevel [1ms]
2023-09-13 12:18:44.845 [info] fatal: not a git repository (or any of the parent directories): .git
2023-09-13 12:19:07.363 [info] > git rev-parse --show-toplevel [1ms]
2023-09-13 12:19:07.363 [info] fatal: not a git repository (or any of the parent directories): .git
2023-09-13 12:19:27.440 [info] > git rev-parse --show-toplevel [1ms]
2023-09-13 12:19:27.440 [info] fatal: not a git repository (or any of the parent directories): .git
2023-09-13 12:19:28.088 [info] > git rev-parse --show-toplevel [0ms]
2023-09-13 12:19:28.088 [info] fatal: not a git repository (or any of the parent directories): .git
2023-09-13 12:19:30.038 [info] > git rev-parse --show-toplevel [0ms]
2023-09-13 12:19:30.038 [info] fatal: not a git repository (or any of the parent directories): .git
2023-09-13 12:19:30.531 [info] > git rev-parse --show-toplevel [0ms]
2023-09-13 12:19:30.531 [info] fatal: not a git repository (or any of the parent directories): .git
2023-09-13 12:19:40.043 [info] > git rev-parse --show-toplevel [0ms]
2023-09-13 12:19:40.043 [info] fatal: not a git repository (or any of the parent directories): .git
2023-09-13 12:19:41.593 [info] > git rev-parse --show-toplevel [1ms]
2023-09-13 12:19:41.593 [info] fatal: not a git repository (or any of the parent directories): .git
2023-09-13 12:20:49.666 [info] > git rev-parse --show-toplevel [2ms]
2023-09-13 12:20:49.666 [info] fatal: not a git repository (or any of the parent directories): .git
2023-09-13 12:21:26.754 [info] > git rev-parse --show-toplevel [1ms]
2023-09-13 12:21:26.755 [info] fatal: not a git repository (or any of the parent directories): .git
2023-09-13 12:21:28.847 [info] > git rev-parse --show-toplevel [1ms]
2023-09-13 12:21:28.847 [info] fatal: not a git repository (or any of the parent directories): .git
2023-09-13 12:21:34.143 [info] > git rev-parse --show-toplevel [1ms]
2023-09-13 12:21:34.143 [info] fatal: not a git repository (or any of the parent directories): .git
2023-09-13 12:21:35.273 [info] > git rev-parse --show-toplevel [1ms]
2023-09-13 12:21:35.273 [info] fatal: not a git repository (or any of the parent directories): .git
2023-09-13 12:21:40.041 [info] > git rev-parse --show-toplevel [0ms]
2023-09-13 12:21:40.041 [info] fatal: not a git repository (or any of the parent directories): .git
2023-09-13 12:21:52.277 [info] > git rev-parse --show-toplevel [0ms]
2023-09-13 12:21:52.277 [info] fatal: not a git repository (or any of the parent directories): .git
2023-09-13 12:21:58.756 [info] > git rev-parse --show-toplevel [1ms]
2023-09-13 12:21:58.756 [info] fatal: not a git repository (or any of the parent directories): .git
2023-09-13 12:22:11.713 [info] > git rev-parse --show-toplevel [1ms]
2023-09-13 12:22:11.713 [info] fatal: not a git repository (or any of the parent directories): .git
2023-09-13 12:22:33.515 [info] > git rev-parse --show-toplevel [0ms]
2023-09-13 12:22:33.515 [info] fatal: not a git repository (or any of the parent directories): .git
2023-09-13 12:22:34.272 [info] > git rev-parse --show-toplevel [1ms]
2023-09-13 12:22:34.272 [info] fatal: not a git repository (or any of the parent directories): .git
2023-09-13 12:22:44.525 [info] > git rev-parse --show-toplevel [0ms]
2023-09-13 12:22:44.526 [info] fatal: not a git repository (or any of the parent directories): .git
2023-09-13 12:22:55.190 [info] > git rev-parse --show-toplevel [0ms]
2023-09-13 12:22:55.190 [info] fatal: not a git repository (or any of the parent directories): .git
2023-09-13 12:23:21.890 [info] > git rev-parse --show-toplevel [1ms]
2023-09-13 12:23:21.890 [info] fatal: not a git repository (or any of the parent directories): .git
2023-09-13 12:23:31.856 [info] > git rev-parse --show-toplevel [0ms]
2023-09-13 12:23:31.856 [info] fatal: not a git repository (or any of the parent directories): .git
2023-09-13 12:23:32.395 [info] > git rev-parse --show-toplevel [0ms]
2023-09-13 12:23:32.395 [info] fatal: not a git repository (or any of the parent directories): .git
2023-09-13 12:24:01.536 [info] > git rev-parse --show-toplevel [1ms]
2023-09-13 12:24:01.536 [info] fatal: not a git repository (or any of the parent directories): .git
2023-09-13 12:24:03.322 [info] > git rev-parse --show-toplevel [0ms]
2023-09-13 12:24:03.322 [info] fatal: not a git repository (or any of the parent directories): .git
2023-09-13 12:24:05.594 [info] > git rev-parse --show-toplevel [0ms]
2023-09-13 12:24:05.594 [info] fatal: not a git repository (or any of the parent directories): .git
2023-09-13 12:24:17.256 [info] > git rev-parse --show-toplevel [0ms]
2023-09-13 12:24:17.256 [info] fatal: not a git repository (or any of the parent directories): .git
2023-09-13 12:24:25.962 [info] > git rev-parse --show-toplevel [0ms]
2023-09-13 12:24:25.962 [info] fatal: not a git repository (or any of the parent directories): .git
2023-09-13 12:24:53.488 [info] > git rev-parse --show-toplevel [1ms]
2023-09-13 12:24:53.488 [info] fatal: not a git repository (or any of the parent directories): .git
2023-09-13 12:24:57.709 [info] > git rev-parse --show-toplevel [1ms]
2023-09-13 12:24:57.709 [info] fatal: not a git repository (or any of the parent directories): .git
2023-09-13 12:24:59.290 [info] > git rev-parse --show-toplevel [1ms]
2023-09-13 12:24:59.290 [info] fatal: not a git repository (or any of the parent directories): .git
2023-09-13 12:25:33.507 [info] > git rev-parse --show-toplevel [0ms]
2023-09-13 12:25:33.507 [info] fatal: not a git repository (or any of the parent directories): .git
2023-09-13 12:25:49.797 [info] > git rev-parse --show-toplevel [1ms]
2023-09-13 12:25:49.797 [info] fatal: not a git repository (or any of the parent directories): .git
2023-09-13 12:26:03.077 [info] > git rev-parse --show-toplevel [1ms]
2023-09-13 12:26:03.077 [info] fatal: not a git repository (or any of the parent directories): .git
2023-09-13 12:26:06.734 [info] > git rev-parse --show-toplevel [1ms]
2023-09-13 12:26:06.734 [info] fatal: not a git repository (or any of the parent directories): .git
2023-09-13 12:26:07.581 [info] > git rev-parse --show-toplevel [1ms]
2023-09-13 12:26:07.581 [info] fatal: not a git repository (or any of the parent directories): .git
2023-09-13 12:26:08.634 [info] > git rev-parse --show-toplevel [0ms]
2023-09-13 12:26:08.634 [info] fatal: not a git repository (or any of the parent directories): .git
2023-09-13 12:26:20.530 [info] > git rev-parse --show-toplevel [0ms]
2023-09-13 12:26:20.530 [info] fatal: not a git repository (or any of the parent directories): .git
2023-09-13 12:26:32.056 [info] > git rev-parse --show-toplevel [1ms]
2023-09-13 12:26:32.056 [info] fatal: not a git repository (or any of the parent directories): .git
2023-09-13 12:27:06.899 [info] > git rev-parse --show-toplevel [1ms]
2023-09-13 12:27:06.899 [info] fatal: not a git repository (or any of the parent directories): .git
2023-09-13 12:27:09.982 [info] > git rev-parse --show-toplevel [0ms]
2023-09-13 12:27:09.982 [info] fatal: not a git repository (or any of the parent directories): .git
2023-09-13 12:27:11.334 [info] > git rev-parse --show-toplevel [0ms]
2023-09-13 12:27:11.334 [info] fatal: not a git repository (or any of the parent directories): .git
2023-09-13 12:27:12.759 [info] > git rev-parse --show-toplevel [0ms]
2023-09-13 12:27:12.759 [info] fatal: not a git repository (or any of the parent directories): .git
2023-09-13 12:27:14.246 [info] > git rev-parse --show-toplevel [0ms]
2023-09-13 12:27:14.246 [info] fatal: not a git repository (or any of the parent directories): .git
2023-09-13 12:27:42.282 [info] > git rev-parse --show-toplevel [1ms]
2023-09-13 12:27:42.282 [info] fatal: not a git repository (or any of the parent directories): .git
2023-09-13 12:34:14.817 [info] > git rev-parse --show-toplevel [1ms]
2023-09-13 12:34:14.817 [info] fatal: not a git repository (or any of the parent directories): .git
2023-09-13 12:36:32.943 [info] > git rev-parse --show-toplevel [0ms]
2023-09-13 12:36:32.943 [info] fatal: not a git repository (or any of the parent directories): .git
2023-09-13 12:36:34.251 [info] > git rev-parse --show-toplevel [0ms]
2023-09-13 12:36:34.251 [info] fatal: not a git repository (or any of the parent directories): .git
2023-09-13 12:36:34.905 [info] > git rev-parse --show-toplevel [1ms]
2023-09-13 12:36:34.905 [info] fatal: not a git repository (or any of the parent directories): .git
2023-09-13 12:36:36.066 [info] > git rev-parse --show-toplevel [1ms]
2023-09-13 12:36:36.066 [info] fatal: not a git repository (or any of the parent directories): .git
2023-09-13 12:36:36.486 [info] > git rev-parse --show-toplevel [1ms]
2023-09-13 12:36:36.486 [info] fatal: not a git repository (or any of the parent directories): .git
2023-09-13 12:36:37.123 [info] > git rev-parse --show-toplevel [0ms]
2023-09-13 12:36:37.123 [info] fatal: not a git repository (or any of the parent directories): .git
2023-09-13 12:41:18.750 [info] > git rev-parse --show-toplevel [1ms]
2023-09-13 12:41:18.751 [info] fatal: not a git repository (or any of the parent directories): .git
2023-09-13 12:41:19.851 [info] > git rev-parse --show-toplevel [1ms]
2023-09-13 12:41:19.851 [info] fatal: not a git repository (or any of the parent directories): .git
2023-09-13 12:41:33.164 [info] > git rev-parse --show-toplevel [1ms]
2023-09-13 12:41:33.164 [info] fatal: not a git repository (or any of the parent directories): .git
2023-09-13 12:48:15.860 [info] > git rev-parse --show-toplevel [0ms]
2023-09-13 12:48:15.860 [info] fatal: not a git repository (or any of the parent directories): .git
2023-09-13 12:48:16.432 [info] > git rev-parse --show-toplevel [1ms]
2023-09-13 12:48:16.432 [info] fatal: not a git repository (or any of the parent directories): .git
2023-09-13 12:48:17.452 [info] > git rev-parse --show-toplevel [1ms]
2023-09-13 12:48:17.452 [info] fatal: not a git repository (or any of the parent directories): .git
2023-09-13 12:48:18.120 [info] > git rev-parse --show-toplevel [0ms]
2023-09-13 12:48:18.120 [info] fatal: not a git repository (or any of the parent directories): .git
2023-09-13 12:48:19.569 [info] > git rev-parse --show-toplevel [1ms]
2023-09-13 12:48:19.569 [info] fatal: not a git repository (or any of the parent directories): .git
2023-09-13 12:48:19.916 [info] > git rev-parse --show-toplevel [0ms]
2023-09-13 12:48:19.916 [info] fatal: not a git repository (or any of the parent directories): .git
2023-09-13 12:48:20.332 [info] > git rev-parse --show-toplevel [1ms]
2023-09-13 12:48:20.332 [info] fatal: not a git repository (or any of the parent directories): .git
2023-09-13 12:48:20.935 [info] > git rev-parse --show-toplevel [0ms]
2023-09-13 12:48:20.935 [info] fatal: not a git repository (or any of the parent directories): .git
2023-09-13 12:50:12.529 [info] > git rev-parse --show-toplevel [1ms]
2023-09-13 12:50:12.529 [info] fatal: not a git repository (or any of the parent directories): .git
2023-09-13 12:51:12.680 [info] > git rev-parse --show-toplevel [1ms]
2023-09-13 12:51:12.680 [info] fatal: not a git repository (or any of the parent directories): .git
2023-09-13 12:51:28.364 [info] > git rev-parse --show-toplevel [0ms]
2023-09-13 12:51:28.364 [info] fatal: not a git repository (or any of the parent directories): .git
2023-09-13 12:51:37.503 [info] > git rev-parse --show-toplevel [0ms]
2023-09-13 12:51:37.503 [info] fatal: not a git repository (or any of the parent directories): .git
2023-09-13 12:51:38.165 [info] > git rev-parse --show-toplevel [1ms]
2023-09-13 12:51:38.165 [info] fatal: not a git repository (or any of the parent directories): .git
2023-09-13 12:51:40.784 [info] > git rev-parse --show-toplevel [1ms]
2023-09-13 12:51:40.784 [info] fatal: not a git repository (or any of the parent directories): .git
2023-09-13 12:51:41.777 [info] > git rev-parse --show-toplevel [0ms]
2023-09-13 12:51:41.778 [info] fatal: not a git repository (or any of the parent directories): .git
2023-09-13 12:55:12.209 [info] > git rev-parse --show-toplevel [1ms]
2023-09-13 12:55:12.209 [info] fatal: not a git repository (or any of the parent directories): .git
2023-09-13 12:55:12.875 [info] > git rev-parse --show-toplevel [0ms]
2023-09-13 12:55:12.875 [info] fatal: not a git repository (or any of the parent directories): .git
2023-09-13 12:55:13.306 [info] > git rev-parse --show-toplevel [1ms]
2023-09-13 12:55:13.306 [info] fatal: not a git repository (or any of the parent directories): .git
2023-09-13 12:55:13.715 [info] > git rev-parse --show-toplevel [1ms]
2023-09-13 12:55:13.715 [info] fatal: not a git repository (or any of the parent directories): .git
2023-09-13 12:55:14.079 [info] > git rev-parse --show-toplevel [1ms]
2023-09-13 12:55:14.079 [info] fatal: not a git repository (or any of the parent directories): .git
2023-09-13 12:55:44.403 [info] > git rev-parse --show-toplevel [0ms]
2023-09-13 12:55:44.403 [info] fatal: not a git repository (or any of the parent directories): .git
2023-09-13 12:56:03.053 [info] > git rev-parse --show-toplevel [1ms]
2023-09-13 12:56:03.053 [info] fatal: not a git repository (or any of the parent directories): .git
2023-09-13 12:56:17.515 [info] > git rev-parse --show-toplevel [1ms]
2023-09-13 12:56:17.515 [info] fatal: not a git repository (or any of the parent directories): .git
2023-09-13 12:57:00.871 [info] > git rev-parse --show-toplevel [1ms]
2023-09-13 12:57:00.871 [info] fatal: not a git repository (or any of the parent directories): .git
2023-09-13 12:57:13.638 [info] > git rev-parse --show-toplevel [97ms]
2023-09-13 12:57:13.638 [info] fatal: not a git repository (or any of the parent directories): .git
2023-09-13 12:57:18.317 [info] > git rev-parse --show-toplevel [1ms]
2023-09-13 12:57:18.317 [info] fatal: not a git repository (or any of the parent directories): .git
2023-09-13 12:57:18.740 [info] > git rev-parse --show-toplevel [1ms]
2023-09-13 12:57:18.740 [info] fatal: not a git repository (or any of the parent directories): .git
2023-09-13 12:57:22.131 [info] > git rev-parse --show-toplevel [1ms]
2023-09-13 12:57:22.131 [info] fatal: not a git repository (or any of the parent directories): .git
2023-09-13 12:57:22.709 [info] > git rev-parse --show-toplevel [1ms]
2023-09-13 12:57:22.709 [info] fatal: not a git repository (or any of the parent directories): .git
2023-09-13 12:57:25.008 [info] > git rev-parse --show-toplevel [0ms]
2023-09-13 12:57:25.008 [info] fatal: not a git repository (or any of the parent directories): .git
2023-09-13 12:57:28.686 [info] > git rev-parse --show-toplevel [1ms]
2023-09-13 12:57:28.686 [info] fatal: not a git repository (or any of the parent directories): .git
2023-09-13 12:57:33.146 [info] > git rev-parse --show-toplevel [1ms]
2023-09-13 12:57:33.146 [info] fatal: not a git repository (or any of the parent directories): .git
2023-09-13 12:57:34.076 [info] > git rev-parse --show-toplevel [1ms]
2023-09-13 12:57:34.076 [info] fatal: not a git repository (or any of the parent directories): .git
2023-09-13 12:57:36.030 [info] > git rev-parse --show-toplevel [1ms]
2023-09-13 12:57:36.031 [info] fatal: not a git repository (or any of the parent directories): .git
2023-09-13 12:57:38.005 [info] > git rev-parse --show-toplevel [1ms]
2023-09-13 12:57:38.005 [info] fatal: not a git repository (or any of the parent directories): .git
2023-09-13 12:57:46.223 [info] > git rev-parse --show-toplevel [2ms]
2023-09-13 12:57:46.223 [info] fatal: not a git repository (or any of the parent directories): .git
2023-09-13 12:57:48.059 [info] > git rev-parse --show-toplevel [0ms]
2023-09-13 12:57:48.059 [info] fatal: not a git repository (or any of the parent directories): .git
2023-09-13 12:57:51.436 [info] > git rev-parse --show-toplevel [1ms]
2023-09-13 12:57:51.436 [info] fatal: not a git repository (or any of the parent directories): .git
2023-09-13 12:57:53.021 [info] > git rev-parse --show-toplevel [1ms]
2023-09-13 12:57:53.021 [info] fatal: not a git repository (or any of the parent directories): .git
2023-09-13 12:58:36.418 [info] > git rev-parse --show-toplevel [0ms]
2023-09-13 12:58:36.418 [info] fatal: not a git repository (or any of the parent directories): .git
2023-09-13 12:58:36.891 [info] > git rev-parse --show-toplevel [1ms]
2023-09-13 12:58:36.891 [info] fatal: not a git repository (or any of the parent directories): .git
2023-09-13 12:58:37.575 [info] > git rev-parse --show-toplevel [1ms]
2023-09-13 12:58:37.575 [info] fatal: not a git repository (or any of the parent directories): .git
2023-09-13 12:58:38.140 [info] > git rev-parse --show-toplevel [1ms]
2023-09-13 12:58:38.140 [info] fatal: not a git repository (or any of the parent directories): .git
2023-09-13 12:58:39.263 [info] > git rev-parse --show-toplevel [1ms]
2023-09-13 12:58:39.263 [info] fatal: not a git repository (or any of the parent directories): .git
2023-09-13 12:58:39.613 [info] > git rev-parse --show-toplevel [1ms]
2023-09-13 12:58:39.613 [info] fatal: not a git repository (or any of the parent directories): .git
2023-09-13 12:58:39.922 [info] > git rev-parse --show-toplevel [1ms]
2023-09-13 12:58:39.922 [info] fatal: not a git repository (or any of the parent directories): .git
2023-09-13 12:58:40.496 [info] > git rev-parse --show-toplevel [1ms]
2023-09-13 12:58:40.496 [info] fatal: not a git repository (or any of the parent directories): .git
2023-09-13 12:58:40.909 [info] > git rev-parse --show-toplevel [1ms]
2023-09-13 12:58:40.909 [info] fatal: not a git repository (or any of the parent directories): .git
2023-09-13 12:58:41.282 [info] > git rev-parse --show-toplevel [1ms]
2023-09-13 12:58:41.282 [info] fatal: not a git repository (or any of the parent directories): .git
2023-09-13 12:58:41.625 [info] > git rev-parse --show-toplevel [1ms]
2023-09-13 12:58:41.625 [info] fatal: not a git repository (or any of the parent directories): .git
2023-09-13 12:58:41.945 [info] > git rev-parse --show-toplevel [1ms]
2023-09-13 12:58:41.945 [info] fatal: not a git repository (or any of the parent directories): .git
2023-09-13 12:58:53.524 [info] > git rev-parse --show-toplevel [1ms]
2023-09-13 12:58:53.524 [info] fatal: not a git repository (or any of the parent directories): .git
2023-09-13 12:58:57.580 [info] > git rev-parse --show-toplevel [1ms]
2023-09-13 12:58:57.580 [info] fatal: not a git repository (or any of the parent directories): .git
2023-09-13 12:59:11.848 [info] > git rev-parse --show-toplevel [2ms]
2023-09-13 12:59:11.848 [info] fatal: not a git repository (or any of the parent directories): .git
2023-09-13 12:59:13.415 [info] > git rev-parse --show-toplevel [2ms]
2023-09-13 12:59:13.415 [info] fatal: not a git repository (or any of the parent directories): .git
2023-09-13 13:00:28.901 [info] > git rev-parse --show-toplevel [1ms]
2023-09-13 13:00:28.901 [info] fatal: not a git repository (or any of the parent directories): .git
2023-09-13 13:00:29.398 [info] > git rev-parse --show-toplevel [1ms]
2023-09-13 13:00:29.398 [info] fatal: not a git repository (or any of the parent directories): .git
2023-09-13 13:01:19.121 [info] > git rev-parse --show-toplevel [1ms]
2023-09-13 13:01:19.121 [info] fatal: not a git repository (or any of the parent directories): .git
2023-09-13 13:01:20.254 [info] > git rev-parse --show-toplevel [1ms]
2023-09-13 13:01:20.254 [info] fatal: not a git repository (or any of the parent directories): .git
2023-09-13 13:01:24.273 [info] > git rev-parse --show-toplevel [2ms]
2023-09-13 13:01:24.273 [info] fatal: not a git repository (or any of the parent directories): .git
2023-09-13 13:01:32.570 [info] > git rev-parse --show-toplevel [0ms]
2023-09-13 13:01:32.570 [info] fatal: not a git repository (or any of the parent directories): .git
2023-09-13 13:01:33.706 [info] > git rev-parse --show-toplevel [1ms]
2023-09-13 13:01:33.706 [info] fatal: not a git repository (or any of the parent directories): .git
2023-09-13 13:01:34.197 [info] > git rev-parse --show-toplevel [1ms]
2023-09-13 13:01:34.197 [info] fatal: not a git repository (or any of the parent directories): .git
2023-09-13 13:01:35.232 [info] > git rev-parse --show-toplevel [0ms]
2023-09-13 13:01:35.232 [info] fatal: not a git repository (or any of the parent directories): .git
2023-09-13 13:01:37.626 [info] > git rev-parse --show-toplevel [1ms]
2023-09-13 13:01:37.626 [info] fatal: not a git repository (or any of the parent directories): .git
2023-09-13 13:01:42.691 [info] > git rev-parse --show-toplevel [2ms]
2023-09-13 13:01:42.691 [info] fatal: not a git repository (or any of the parent directories): .git
2023-09-13 13:01:44.378 [info] > git rev-parse --show-toplevel [1ms]
2023-09-13 13:01:44.378 [info] fatal: not a git repository (or any of the parent directories): .git
2023-09-13 13:01:46.970 [info] > git rev-parse --show-toplevel [2ms]
2023-09-13 13:01:46.970 [info] fatal: not a git repository (or any of the parent directories): .git
2023-09-13 13:01:57.970 [info] > git rev-parse --show-toplevel [1ms]
2023-09-13 13:01:57.970 [info] fatal: not a git repository (or any of the parent directories): .git
2023-09-13 13:01:59.982 [info] > git rev-parse --show-toplevel [2ms]
2023-09-13 13:01:59.982 [info] fatal: not a git repository (or any of the parent directories): .git
2023-09-13 13:02:41.974 [info] > git rev-parse --show-toplevel [1ms]
2023-09-13 13:02:41.974 [info] fatal: not a git repository (or any of the parent directories): .git
2023-09-13 13:02:43.551 [info] > git rev-parse --show-toplevel [1ms]
2023-09-13 13:02:43.551 [info] fatal: not a git repository (or any of the parent directories): .git
2023-09-13 13:02:49.216 [info] > git rev-parse --show-toplevel [1ms]
2023-09-13 13:02:49.216 [info] fatal: not a git repository (or any of the parent directories): .git
2023-09-13 13:02:56.386 [info] > git rev-parse --show-toplevel [1ms]
2023-09-13 13:02:56.386 [info] fatal: not a git repository (or any of the parent directories): .git
2023-09-13 13:02:58.177 [info] > git rev-parse --show-toplevel [1ms]
2023-09-13 13:02:58.177 [info] fatal: not a git repository (or any of the parent directories): .git
2023-09-13 13:03:02.645 [info] > git rev-parse --show-toplevel [0ms]
2023-09-13 13:03:02.645 [info] fatal: not a git repository (or any of the parent directories): .git
2023-09-13 13:03:04.535 [info] > git rev-parse --show-toplevel [1ms]
2023-09-13 13:03:04.535 [info] fatal: not a git repository (or any of the parent directories): .git
2023-09-13 13:03:20.540 [info] > git rev-parse --show-toplevel [1ms]
2023-09-13 13:03:20.540 [info] fatal: not a git repository (or any of the parent directories): .git
2023-09-13 13:03:27.625 [info] > git rev-parse --show-toplevel [1ms]
2023-09-13 13:03:27.625 [info] fatal: not a git repository (or any of the parent directories): .git
2023-09-13 13:03:36.346 [info] > git rev-parse --show-toplevel [1ms]
2023-09-13 13:03:36.346 [info] fatal: not a git repository (or any of the parent directories): .git
2023-09-13 13:03:36.954 [info] > git rev-parse --show-toplevel [1ms]
2023-09-13 13:03:36.954 [info] fatal: not a git repository (or any of the parent directories): .git
2023-09-13 13:03:38.133 [info] > git rev-parse --show-toplevel [2ms]
2023-09-13 13:03:38.133 [info] fatal: not a git repository (or any of the parent directories): .git
2023-09-13 13:03:38.591 [info] > git rev-parse --show-toplevel [1ms]
2023-09-13 13:03:38.591 [info] fatal: not a git repository (or any of the parent directories): .git
2023-09-13 13:03:40.256 [info] > git rev-parse --show-toplevel [1ms]
2023-09-13 13:03:40.256 [info] fatal: not a git repository (or any of the parent directories): .git
2023-09-13 13:03:45.081 [info] > git rev-parse --show-toplevel [1ms]
2023-09-13 13:03:45.081 [info] fatal: not a git repository (or any of the parent directories): .git
2023-09-13 13:03:45.752 [info] > git rev-parse --show-toplevel [0ms]
2023-09-13 13:03:45.752 [info] fatal: not a git repository (or any of the parent directories): .git
2023-09-13 13:04:13.376 [info] > git rev-parse --show-toplevel [1ms]
2023-09-13 13:04:13.376 [info] fatal: not a git repository (or any of the parent directories): .git
2023-09-13 13:04:16.056 [info] > git rev-parse --show-toplevel [1ms]
2023-09-13 13:04:16.056 [info] fatal: not a git repository (or any of the parent directories): .git
2023-09-13 13:05:13.797 [info] > git rev-parse --show-toplevel [1ms]
2023-09-13 13:05:13.797 [info] fatal: not a git repository (or any of the parent directories): .git
2023-09-13 13:05:15.062 [info] > git rev-parse --show-toplevel [0ms]
2023-09-13 13:05:15.062 [info] fatal: not a git repository (or any of the parent directories): .git
2023-09-13 13:05:18.162 [info] > git rev-parse --show-toplevel [2ms]
2023-09-13 13:05:18.162 [info] fatal: not a git repository (or any of the parent directories): .git
2023-09-13 13:05:19.848 [info] > git rev-parse --show-toplevel [0ms]
2023-09-13 13:05:19.848 [info] fatal: not a git repository (or any of the parent directories): .git
2023-09-13 13:06:24.205 [info] > git rev-parse --show-toplevel [1ms]
2023-09-13 13:06:24.205 [info] fatal: not a git repository (or any of the parent directories): .git
2023-09-13 13:06:25.036 [info] > git rev-parse --show-toplevel [2ms]
2023-09-13 13:06:25.036 [info] fatal: not a git repository (or any of the parent directories): .git
2023-09-13 13:06:25.581 [info] > git rev-parse --show-toplevel [1ms]
2023-09-13 13:06:25.581 [info] fatal: not a git repository (or any of the parent directories): .git
2023-09-13 13:06:25.978 [info] > git rev-parse --show-toplevel [1ms]
2023-09-13 13:06:25.978 [info] fatal: not a git repository (or any of the parent directories): .git
2023-09-13 13:06:26.369 [info] > git rev-parse --show-toplevel [1ms]
2023-09-13 13:06:26.369 [info] fatal: not a git repository (or any of the parent directories): .git
2023-09-13 13:06:27.191 [info] > git rev-parse --show-toplevel [1ms]
2023-09-13 13:06:27.191 [info] fatal: not a git repository (or any of the parent directories): .git
2023-09-13 13:06:27.572 [info] > git rev-parse --show-toplevel [1ms]
2023-09-13 13:06:27.572 [info] fatal: not a git repository (or any of the parent directories): .git
2023-09-13 13:06:27.906 [info] > git rev-parse --show-toplevel [0ms]
2023-09-13 13:06:27.906 [info] fatal: not a git repository (or any of the parent directories): .git
2023-09-13 13:06:28.311 [info] > git rev-parse --show-toplevel [0ms]
2023-09-13 13:06:28.311 [info] fatal: not a git repository (or any of the parent directories): .git
2023-09-13 13:06:28.668 [info] > git rev-parse --show-toplevel [1ms]
2023-09-13 13:06:28.668 [info] fatal: not a git repository (or any of the parent directories): .git
2023-09-13 13:06:28.983 [info] > git rev-parse --show-toplevel [1ms]
2023-09-13 13:06:28.983 [info] fatal: not a git repository (or any of the parent directories): .git
2023-09-13 13:06:29.602 [info] > git rev-parse --show-toplevel [1ms]
2023-09-13 13:06:29.602 [info] fatal: not a git repository (or any of the parent directories): .git
2023-09-13 13:06:29.974 [info] > git rev-parse --show-toplevel [0ms]
2023-09-13 13:06:29.974 [info] fatal: not a git repository (or any of the parent directories): .git
2023-09-13 13:06:30.820 [info] > git rev-parse --show-toplevel [1ms]
2023-09-13 13:06:30.820 [info] fatal: not a git repository (or any of the parent directories): .git
2023-09-13 13:09:09.412 [info] > git rev-parse --show-toplevel [1ms]
2023-09-13 13:09:09.412 [info] fatal: not a git repository (or any of the parent directories): .git
2023-09-13 13:09:09.743 [info] > git rev-parse --show-toplevel [0ms]
2023-09-13 13:09:09.743 [info] fatal: not a git repository (or any of the parent directories): .git
2023-09-13 13:09:10.446 [info] > git rev-parse --show-toplevel [1ms]
2023-09-13 13:09:10.446 [info] fatal: not a git repository (or any of the parent directories): .git
2023-09-13 13:09:23.458 [info] > git rev-parse --show-toplevel [0ms]
2023-09-13 13:09:23.458 [info] fatal: not a git repository (or any of the parent directories): .git
2023-09-13 13:10:40.409 [info] > git rev-parse --show-toplevel [2ms]
2023-09-13 13:10:40.409 [info] fatal: not a git repository (or any of the parent directories): .git
2023-09-13 13:10:41.462 [info] > git rev-parse --show-toplevel [1ms]
2023-09-13 13:10:41.462 [info] fatal: not a git repository (or any of the parent directories): .git
2023-09-13 13:11:44.895 [info] > git rev-parse --show-toplevel [1ms]
2023-09-13 13:11:44.895 [info] fatal: not a git repository (or any of the parent directories): .git
2023-09-13 13:11:53.707 [info] > git rev-parse --show-toplevel [1ms]
2023-09-13 13:11:53.707 [info] fatal: not a git repository (or any of the parent directories): .git
2023-09-13 13:12:26.310 [info] > git rev-parse --show-toplevel [1ms]
2023-09-13 13:12:26.310 [info] fatal: not a git repository (or any of the parent directories): .git
2023-09-13 13:12:47.548 [info] > git rev-parse --show-toplevel [1ms]
2023-09-13 13:12:47.548 [info] fatal: not a git repository (or any of the parent directories): .git
2023-09-13 13:14:11.474 [info] > git rev-parse --show-toplevel [1ms]
2023-09-13 13:14:11.474 [info] fatal: not a git repository (or any of the parent directories): .git
2023-09-13 13:14:16.440 [info] > git rev-parse --show-toplevel [1ms]
2023-09-13 13:14:16.440 [info] fatal: not a git repository (or any of the parent directories): .git
2023-09-13 13:24:45.702 [info] > git rev-parse --show-toplevel [1ms]
2023-09-13 13:24:45.702 [info] fatal: not a git repository (or any of the parent directories): .git
2023-09-13 13:24:47.095 [info] > git rev-parse --show-toplevel [1ms]
2023-09-13 13:24:47.095 [info] fatal: not a git repository (or any of the parent directories): .git
2023-09-13 13:31:41.416 [info] > git rev-parse --show-toplevel [1ms]
2023-09-13 13:31:41.416 [info] fatal: not a git repository (or any of the parent directories): .git
2023-09-13 13:31:43.391 [info] > git rev-parse --show-toplevel [1ms]
2023-09-13 13:31:43.391 [info] fatal: not a git repository (or any of the parent directories): .git
2023-09-13 13:33:28.518 [info] > git rev-parse --show-toplevel [1ms]
2023-09-13 13:33:28.518 [info] fatal: not a git repository (or any of the parent directories): .git
2023-09-13 13:33:30.109 [info] > git rev-parse --show-toplevel [1ms]
2023-09-13 13:33:30.109 [info] fatal: not a git repository (or any of the parent directories): .git
2023-09-13 13:34:37.922 [info] > git rev-parse --show-toplevel [0ms]
2023-09-13 13:34:37.922 [info] fatal: not a git repository (or any of the parent directories): .git
2023-09-13 13:34:45.385 [info] > git rev-parse --show-toplevel [1ms]
2023-09-13 13:34:45.385 [info] fatal: not a git repository (or any of the parent directories): .git
2023-09-13 13:34:52.704 [info] > git rev-parse --show-toplevel [1ms]
2023-09-13 13:34:52.704 [info] fatal: not a git repository (or any of the parent directories): .git
2023-09-13 13:36:05.477 [info] > git rev-parse --show-toplevel [1ms]
2023-09-13 13:36:05.477 [info] fatal: not a git repository (or any of the parent directories): .git
2023-09-13 13:36:06.006 [info] > git rev-parse --show-toplevel [0ms]
2023-09-13 13:36:06.006 [info] fatal: not a git repository (or any of the parent directories): .git
2023-09-13 13:36:10.889 [info] > git rev-parse --show-toplevel [1ms]
2023-09-13 13:36:10.889 [info] fatal: not a git repository (or any of the parent directories): .git
2023-09-13 13:36:44.746 [info] > git rev-parse --show-toplevel [2ms]
2023-09-13 13:36:44.746 [info] fatal: not a git repository (or any of the parent directories): .git
2023-09-13 13:36:56.540 [info] > git rev-parse --show-toplevel [1ms]
2023-09-13 13:36:56.540 [info] fatal: not a git repository (or any of the parent directories): .git
2023-09-13 13:37:02.533 [info] > git rev-parse --show-toplevel [0ms]
2023-09-13 13:37:02.533 [info] fatal: not a git repository (or any of the parent directories): .git
2023-09-13 13:37:05.361 [info] > git rev-parse --show-toplevel [0ms]
2023-09-13 13:37:05.361 [info] fatal: not a git repository (or any of the parent directories): .git
2023-09-13 13:37:05.847 [info] > git rev-parse --show-toplevel [1ms]
2023-09-13 13:37:05.847 [info] fatal: not a git repository (or any of the parent directories): .git
2023-09-13 13:37:06.989 [info] > git rev-parse --show-toplevel [1ms]
2023-09-13 13:37:06.989 [info] fatal: not a git repository (or any of the parent directories): .git
2023-09-13 13:37:11.603 [info] > git rev-parse --show-toplevel [1ms]
2023-09-13 13:37:11.603 [info] fatal: not a git repository (or any of the parent directories): .git
2023-09-13 13:39:31.760 [info] > git rev-parse --show-toplevel [1ms]
2023-09-13 13:39:31.760 [info] fatal: not a git repository (or any of the parent directories): .git
2023-09-13 13:40:06.169 [info] > git rev-parse --show-toplevel [1ms]
2023-09-13 13:40:06.169 [info] fatal: not a git repository (or any of the parent directories): .git
2023-09-13 13:44:30.267 [info] > git rev-parse --show-toplevel [1ms]
2023-09-13 13:44:30.267 [info] fatal: not a git repository (or any of the parent directories): .git
2023-09-13 13:45:13.216 [info] > git rev-parse --show-toplevel [2ms]
2023-09-13 13:45:13.216 [info] fatal: not a git repository (or any of the parent directories): .git
2023-09-13 13:47:05.210 [info] > git rev-parse --show-toplevel [2ms]
2023-09-13 13:47:05.210 [info] fatal: not a git repository (or any of the parent directories): .git
2023-09-13 13:47:06.913 [info] > git rev-parse --show-toplevel [1ms]
2023-09-13 13:47:06.913 [info] fatal: not a git repository (or any of the parent directories): .git
2023-09-13 13:47:46.237 [info] > git rev-parse --show-toplevel [1ms]
2023-09-13 13:47:46.237 [info] fatal: not a git repository (or any of the parent directories): .git
2023-09-13 13:47:47.130 [info] > git rev-parse --show-toplevel [1ms]
2023-09-13 13:47:47.130 [info] fatal: not a git repository (or any of the parent directories): .git
2023-09-13 13:52:50.310 [info] > git rev-parse --show-toplevel [1ms]
2023-09-13 13:52:50.310 [info] fatal: not a git repository (or any of the parent directories): .git
2023-09-13 13:53:00.709 [info] > git rev-parse --show-toplevel [1ms]
2023-09-13 13:53:00.709 [info] fatal: not a git repository (or any of the parent directories): .git
2023-09-13 13:54:06.078 [info] > git rev-parse --show-toplevel [1ms]
2023-09-13 13:54:06.078 [info] fatal: not a git repository (or any of the parent directories): .git
2023-09-13 13:54:07.934 [info] > git rev-parse --show-toplevel [0ms]
2023-09-13 13:54:07.934 [info] fatal: not a git repository (or any of the parent directories): .git
2023-09-13 13:54:48.847 [info] > git rev-parse --show-toplevel [2ms]
2023-09-13 13:54:48.847 [info] fatal: not a git repository (or any of the parent directories): .git
2023-09-13 13:55:06.903 [info] > git rev-parse --show-toplevel [1ms]
2023-09-13 13:55:06.903 [info] fatal: not a git repository (or any of the parent directories): .git
2023-09-13 13:55:09.248 [info] > git rev-parse --show-toplevel [1ms]
2023-09-13 13:55:09.248 [info] fatal: not a git repository (or any of the parent directories): .git
2023-09-13 13:55:10.281 [info] > git rev-parse --show-toplevel [1ms]
2023-09-13 13:55:10.281 [info] fatal: not a git repository (or any of the parent directories): .git
2023-09-13 13:55:12.324 [info] > git rev-parse --show-toplevel [1ms]
2023-09-13 13:55:12.324 [info] fatal: not a git repository (or any of the parent directories): .git
2023-09-13 13:55:30.599 [info] > git rev-parse --show-toplevel [1ms]
2023-09-13 13:55:30.599 [info] fatal: not a git repository (or any of the parent directories): .git
2023-09-13 13:55:32.282 [info] > git rev-parse --show-toplevel [1ms]
2023-09-13 13:55:32.282 [info] fatal: not a git repository (or any of the parent directories): .git
2023-09-13 13:55:48.987 [info] > git rev-parse --show-toplevel [0ms]
2023-09-13 13:55:48.987 [info] fatal: not a git repository (or any of the parent directories): .git
2023-09-13 13:56:14.668 [info] > git rev-parse --show-toplevel [1ms]
2023-09-13 13:56:14.668 [info] fatal: not a git repository (or any of the parent directories): .git
2023-09-13 13:56:27.949 [info] > git rev-parse --show-toplevel [1ms]
2023-09-13 13:56:27.949 [info] fatal: not a git repository (or any of the parent directories): .git
2023-09-13 13:56:32.936 [info] > git rev-parse --show-toplevel [1ms]
2023-09-13 13:56:32.936 [info] fatal: not a git repository (or any of the parent directories): .git
2023-09-13 13:56:52.095 [info] > git rev-parse --show-toplevel [1ms]
2023-09-13 13:56:52.095 [info] fatal: not a git repository (or any of the parent directories): .git
2023-09-13 13:59:48.832 [info] > git rev-parse --show-toplevel [1ms]
2023-09-13 13:59:48.832 [info] fatal: not a git repository (or any of the parent directories): .git
2023-09-13 13:59:54.287 [info] > git rev-parse --show-toplevel [0ms]
2023-09-13 13:59:54.287 [info] fatal: not a git repository (or any of the parent directories): .git
2023-09-13 14:05:26.430 [info] > git rev-parse --show-toplevel [1ms]
2023-09-13 14:05:26.430 [info] fatal: not a git repository (or any of the parent directories): .git
2023-09-13 14:05:27.650 [info] > git rev-parse --show-toplevel [1ms]
2023-09-13 14:05:27.650 [info] fatal: not a git repository (or any of the parent directories): .git
2023-09-13 14:05:28.043 [info] > git rev-parse --show-toplevel [1ms]
2023-09-13 14:05:28.043 [info] fatal: not a git repository (or any of the parent directories): .git
2023-09-13 14:05:30.835 [info] > git rev-parse --show-toplevel [0ms]
2023-09-13 14:05:30.835 [info] fatal: not a git repository (or any of the parent directories): .git
2023-09-13 14:06:14.302 [info] > git rev-parse --show-toplevel [1ms]
2023-09-13 14:06:14.302 [info] fatal: not a git repository (or any of the parent directories): .git
2023-09-13 14:06:26.211 [info] > git rev-parse --show-toplevel [1ms]
2023-09-13 14:06:26.211 [info] fatal: not a git repository (or any of the parent directories): .git
2023-09-13 14:17:46.636 [info] > git rev-parse --show-toplevel [1ms]
2023-09-13 14:17:46.636 [info] fatal: not a git repository (or any of the parent directories): .git
2023-09-13 14:17:49.608 [info] > git rev-parse --show-toplevel [0ms]
2023-09-13 14:17:49.608 [info] fatal: not a git repository (or any of the parent directories): .git
2023-09-13 14:19:35.764 [info] > git rev-parse --show-toplevel [1ms]
2023-09-13 14:19:35.764 [info] fatal: not a git repository (or any of the parent directories): .git
2023-09-13 14:19:36.183 [info] > git rev-parse --show-toplevel [0ms]
2023-09-13 14:19:36.183 [info] fatal: not a git repository (or any of the parent directories): .git
2023-09-13 14:19:36.772 [info] > git rev-parse --show-toplevel [0ms]
2023-09-13 14:19:36.772 [info] fatal: not a git repository (or any of the parent directories): .git
2023-09-13 14:19:48.027 [info] > git rev-parse --show-toplevel [1ms]
2023-09-13 14:19:48.027 [info] fatal: not a git repository (or any of the parent directories): .git
2023-09-13 14:20:55.362 [info] > git rev-parse --show-toplevel [2ms]
2023-09-13 14:20:55.362 [info] fatal: not a git repository (or any of the parent directories): .git
2023-09-13 14:21:06.065 [info] > git rev-parse --show-toplevel [1ms]
2023-09-13 14:21:06.065 [info] fatal: not a git repository (or any of the parent directories): .git
2023-09-13 14:21:08.080 [info] > git rev-parse --show-toplevel [2ms]
2023-09-13 14:21:08.080 [info] fatal: not a git repository (or any of the parent directories): .git
2023-09-13 14:21:46.887 [info] > git rev-parse --show-toplevel [1ms]
2023-09-13 14:21:46.887 [info] fatal: not a git repository (or any of the parent directories): .git
2023-09-13 14:24:17.546 [info] > git rev-parse --show-toplevel [1ms]
2023-09-13 14:24:17.546 [info] fatal: not a git repository (or any of the parent directories): .git
2023-09-13 14:24:17.937 [info] > git rev-parse --show-toplevel [1ms]
2023-09-13 14:24:17.938 [info] fatal: not a git repository (or any of the parent directories): .git
2023-09-13 14:24:18.554 [info] > git rev-parse --show-toplevel [2ms]
2023-09-13 14:24:18.554 [info] fatal: not a git repository (or any of the parent directories): .git
2023-09-13 14:25:20.966 [info] > git rev-parse --show-toplevel [1ms]
2023-09-13 14:25:20.966 [info] fatal: not a git repository (or any of the parent directories): .git
2023-09-13 14:27:29.382 [info] > git rev-parse --show-toplevel [1ms]
2023-09-13 14:27:29.382 [info] fatal: not a git repository (or any of the parent directories): .git
2023-09-13 14:27:35.444 [info] > git rev-parse --show-toplevel [0ms]
2023-09-13 14:27:35.445 [info] fatal: not a git repository (or any of the parent directories): .git
2023-09-13 14:30:43.418 [info] > git rev-parse --show-toplevel [1ms]
2023-09-13 14:30:43.418 [info] fatal: not a git repository (or any of the parent directories): .git
2023-09-13 14:30:45.476 [info] > git rev-parse --show-toplevel [1ms]
2023-09-13 14:30:45.476 [info] fatal: not a git repository (or any of the parent directories): .git
2023-09-13 14:30:45.947 [info] > git rev-parse --show-toplevel [1ms]
2023-09-13 14:30:45.947 [info] fatal: not a git repository (or any of the parent directories): .git
2023-09-13 14:33:40.308 [info] > git rev-parse --show-toplevel [1ms]
2023-09-13 14:33:40.308 [info] fatal: not a git repository (or any of the parent directories): .git
2023-09-13 14:33:42.452 [info] > git rev-parse --show-toplevel [1ms]
2023-09-13 14:33:42.452 [info] fatal: not a git repository (or any of the parent directories): .git
2023-09-13 14:33:43.297 [info] > git rev-parse --show-toplevel [1ms]
2023-09-13 14:33:43.297 [info] fatal: not a git repository (or any of the parent directories): .git
2023-09-13 14:33:43.849 [info] > git rev-parse --show-toplevel [1ms]
2023-09-13 14:33:43.849 [info] fatal: not a git repository (or any of the parent directories): .git
2023-09-13 14:33:50.081 [info] > git rev-parse --show-toplevel [2ms]
2023-09-13 14:33:50.081 [info] fatal: not a git repository (or any of the parent directories): .git
2023-09-13 14:33:50.456 [info] > git rev-parse --show-toplevel [1ms]
2023-09-13 14:33:50.456 [info] fatal: not a git repository (or any of the parent directories): .git
2023-09-13 14:33:51.243 [info] > git rev-parse --show-toplevel [0ms]
2023-09-13 14:33:51.243 [info] fatal: not a git repository (or any of the parent directories): .git
2023-09-13 14:48:42.732 [info] > git rev-parse --show-toplevel [0ms]
2023-09-13 14:48:42.732 [info] fatal: not a git repository (or any of the parent directories): .git
2023-09-13 14:48:43.193 [info] > git rev-parse --show-toplevel [0ms]
2023-09-13 14:48:43.193 [info] fatal: not a git repository (or any of the parent directories): .git
2023-09-13 14:48:46.082 [info] > git rev-parse --show-toplevel [1ms]
2023-09-13 14:48:46.082 [info] fatal: not a git repository (or any of the parent directories): .git
2023-09-13 14:48:49.237 [info] > git rev-parse --show-toplevel [1ms]
2023-09-13 14:48:49.237 [info] fatal: not a git repository (or any of the parent directories): .git
2023-09-13 14:48:53.604 [info] > git rev-parse --show-toplevel [1ms]
2023-09-13 14:48:53.604 [info] fatal: not a git repository (or any of the parent directories): .git
2023-09-13 14:48:53.979 [info] > git rev-parse --show-toplevel [1ms]
2023-09-13 14:48:53.979 [info] fatal: not a git repository (or any of the parent directories): .git
2023-09-13 14:48:54.657 [info] > git rev-parse --show-toplevel [0ms]
2023-09-13 14:48:54.657 [info] fatal: not a git repository (or any of the parent directories): .git
2023-09-13 14:50:04.077 [info] > git rev-parse --show-toplevel [1ms]
2023-09-13 14:50:04.077 [info] fatal: not a git repository (or any of the parent directories): .git
2023-09-13 14:50:17.588 [info] > git rev-parse --show-toplevel [0ms]
2023-09-13 14:50:17.588 [info] fatal: not a git repository (or any of the parent directories): .git
2023-09-13 14:50:21.299 [info] > git rev-parse --show-toplevel [1ms]
2023-09-13 14:50:21.299 [info] fatal: not a git repository (or any of the parent directories): .git
2023-09-13 14:50:22.808 [info] > git rev-parse --show-toplevel [0ms]
2023-09-13 14:50:22.808 [info] fatal: not a git repository (or any of the parent directories): .git
2023-09-13 14:50:45.728 [info] > git rev-parse --show-toplevel [0ms]
2023-09-13 14:50:45.728 [info] fatal: not a git repository (or any of the parent directories): .git
2023-09-13 14:50:56.934 [info] > git rev-parse --show-toplevel [2ms]
2023-09-13 14:50:56.934 [info] fatal: not a git repository (or any of the parent directories): .git
2023-09-13 14:51:46.116 [info] > git rev-parse --show-toplevel [1ms]
2023-09-13 14:51:46.116 [info] fatal: not a git repository (or any of the parent directories): .git
2023-09-13 14:51:48.209 [info] > git rev-parse --show-toplevel [0ms]
2023-09-13 14:51:48.209 [info] fatal: not a git repository (or any of the parent directories): .git
2023-09-13 14:51:54.390 [info] > git rev-parse --show-toplevel [0ms]
2023-09-13 14:51:54.390 [info] fatal: not a git repository (or any of the parent directories): .git
2023-09-13 14:51:55.324 [info] > git rev-parse --show-toplevel [0ms]
2023-09-13 14:51:55.324 [info] fatal: not a git repository (or any of the parent directories): .git
2023-09-13 14:51:56.084 [info] > git rev-parse --show-toplevel [0ms]
2023-09-13 14:51:56.084 [info] fatal: not a git repository (or any of the parent directories): .git
2023-09-13 14:52:00.377 [info] > git rev-parse --show-toplevel [1ms]
2023-09-13 14:52:00.377 [info] fatal: not a git repository (or any of the parent directories): .git
2023-09-13 14:52:26.410 [info] > git rev-parse --show-toplevel [1ms]
2023-09-13 14:52:26.410 [info] fatal: not a git repository (or any of the parent directories): .git
2023-09-13 14:52:27.439 [info] > git rev-parse --show-toplevel [0ms]
2023-09-13 14:52:27.439 [info] fatal: not a git repository (or any of the parent directories): .git
2023-09-13 14:52:30.155 [info] > git rev-parse --show-toplevel [0ms]
2023-09-13 14:52:30.155 [info] fatal: not a git repository (or any of the parent directories): .git
2023-09-13 14:52:30.594 [info] > git rev-parse --show-toplevel [1ms]
2023-09-13 14:52:30.594 [info] fatal: not a git repository (or any of the parent directories): .git
2023-09-13 14:52:51.662 [info] > git rev-parse --show-toplevel [1ms]
2023-09-13 14:52:51.662 [info] fatal: not a git repository (or any of the parent directories): .git
2023-09-13 14:53:59.917 [info] > git rev-parse --show-toplevel [1ms]
2023-09-13 14:53:59.917 [info] fatal: not a git repository (or any of the parent directories): .git
2023-09-13 14:54:04.745 [info] > git rev-parse --show-toplevel [0ms]
2023-09-13 14:54:04.745 [info] fatal: not a git repository (or any of the parent directories): .git
2023-09-13 14:54:05.370 [info] > git rev-parse --show-toplevel [0ms]
2023-09-13 14:54:05.370 [info] fatal: not a git repository (or any of the parent directories): .git
2023-09-13 14:54:16.553 [info] > git rev-parse --show-toplevel [0ms]
2023-09-13 14:54:16.553 [info] fatal: not a git repository (or any of the parent directories): .git
2023-09-13 14:54:26.042 [info] > git rev-parse --show-toplevel [1ms]
2023-09-13 14:54:26.042 [info] fatal: not a git repository (or any of the parent directories): .git
2023-09-13 14:54:26.796 [info] > git rev-parse --show-toplevel [0ms]
2023-09-13 14:54:26.796 [info] fatal: not a git repository (or any of the parent directories): .git
2023-09-13 14:54:27.517 [info] > git rev-parse --show-toplevel [1ms]
2023-09-13 14:54:27.517 [info] fatal: not a git repository (or any of the parent directories): .git
2023-09-13 14:55:15.020 [info] > git rev-parse --show-toplevel [0ms]
2023-09-13 14:55:15.020 [info] fatal: not a git repository (or any of the parent directories): .git
2023-09-13 14:55:17.331 [info] > git rev-parse --show-toplevel [1ms]
2023-09-13 14:55:17.331 [info] fatal: not a git repository (or any of the parent directories): .git
2023-09-13 14:55:17.782 [info] > git rev-parse --show-toplevel [1ms]
2023-09-13 14:55:17.782 [info] fatal: not a git repository (or any of the parent directories): .git
2023-09-13 14:55:20.353 [info] > git rev-parse --show-toplevel [1ms]
2023-09-13 14:55:20.353 [info] fatal: not a git repository (or any of the parent directories): .git
2023-09-13 15:03:23.362 [info] > git rev-parse --show-toplevel [0ms]
2023-09-13 15:03:23.362 [info] fatal: not a git repository (or any of the parent directories): .git
2023-09-13 15:03:23.719 [info] > git rev-parse --show-toplevel [1ms]
2023-09-13 15:03:23.719 [info] fatal: not a git repository (or any of the parent directories): .git
2023-09-13 15:03:24.090 [info] > git rev-parse --show-toplevel [1ms]
2023-09-13 15:03:24.090 [info] fatal: not a git repository (or any of the parent directories): .git
2023-09-13 15:03:24.995 [info] > git rev-parse --show-toplevel [0ms]
2023-09-13 15:03:24.995 [info] fatal: not a git repository (or any of the parent directories): .git
2023-09-13 15:04:13.628 [info] > git rev-parse --show-toplevel [1ms]
2023-09-13 15:04:13.629 [info] fatal: not a git repository (or any of the parent directories): .git
2023-09-13 15:04:26.638 [info] > git rev-parse --show-toplevel [0ms]
2023-09-13 15:04:26.639 [info] fatal: not a git repository (or any of the parent directories): .git
2023-09-13 15:04:28.005 [info] > git rev-parse --show-toplevel [1ms]
2023-09-13 15:04:28.005 [info] fatal: not a git repository (or any of the parent directories): .git
2023-09-13 15:05:32.515 [info] > git rev-parse --show-toplevel [1ms]
2023-09-13 15:05:32.515 [info] fatal: not a git repository (or any of the parent directories): .git
2023-09-13 15:05:44.226 [info] > git rev-parse --show-toplevel [2ms]
2023-09-13 15:05:44.226 [info] fatal: not a git repository (or any of the parent directories): .git
2023-09-13 15:05:53.157 [info] > git rev-parse --show-toplevel [2ms]
2023-09-13 15:05:53.157 [info] fatal: not a git repository (or any of the parent directories): .git
2023-09-13 15:06:12.719 [info] > git rev-parse --show-toplevel [1ms]
2023-09-13 15:06:12.719 [info] fatal: not a git repository (or any of the parent directories): .git
2023-09-13 15:06:21.229 [info] > git rev-parse --show-toplevel [1ms]
2023-09-13 15:06:21.229 [info] fatal: not a git repository (or any of the parent directories): .git
2023-09-13 15:06:22.178 [info] > git rev-parse --show-toplevel [1ms]
2023-09-13 15:06:22.178 [info] fatal: not a git repository (or any of the parent directories): .git
2023-09-13 15:06:24.274 [info] > git rev-parse --show-toplevel [1ms]
2023-09-13 15:06:24.274 [info] fatal: not a git repository (or any of the parent directories): .git
2023-09-13 15:06:25.961 [info] > git rev-parse --show-toplevel [1ms]
2023-09-13 15:06:25.961 [info] fatal: not a git repository (or any of the parent directories): .git
2023-09-13 15:06:27.003 [info] > git rev-parse --show-toplevel [1ms]
2023-09-13 15:06:27.003 [info] fatal: not a git repository (or any of the parent directories): .git
2023-09-13 15:06:33.086 [info] > git rev-parse --show-toplevel [1ms]
2023-09-13 15:06:33.086 [info] fatal: not a git repository (or any of the parent directories): .git
2023-09-13 15:06:35.743 [info] > git rev-parse --show-toplevel [1ms]
2023-09-13 15:06:35.743 [info] fatal: not a git repository (or any of the parent directories): .git
2023-09-13 15:06:38.704 [info] > git rev-parse --show-toplevel [1ms]
2023-09-13 15:06:38.704 [info] fatal: not a git repository (or any of the parent directories): .git
2023-09-13 15:06:39.193 [info] > git rev-parse --show-toplevel [1ms]
2023-09-13 15:06:39.193 [info] fatal: not a git repository (or any of the parent directories): .git
2023-09-13 15:06:40.106 [info] > git rev-parse --show-toplevel [2ms]
2023-09-13 15:06:40.106 [info] fatal: not a git repository (or any of the parent directories): .git
2023-09-13 15:06:40.592 [info] > git rev-parse --show-toplevel [1ms]
2023-09-13 15:06:40.592 [info] fatal: not a git repository (or any of the parent directories): .git
2023-09-13 15:06:42.374 [info] > git rev-parse --show-toplevel [1ms]
2023-09-13 15:06:42.374 [info] fatal: not a git repository (or any of the parent directories): .git
2023-09-13 15:06:43.917 [info] > git rev-parse --show-toplevel [1ms]
2023-09-13 15:06:43.917 [info] fatal: not a git repository (or any of the parent directories): .git
2023-09-13 15:06:55.431 [info] > git rev-parse --show-toplevel [1ms]
2023-09-13 15:06:55.431 [info] fatal: not a git repository (or any of the parent directories): .git
2023-09-13 15:07:44.318 [info] > git rev-parse --show-toplevel [1ms]
2023-09-13 15:07:44.318 [info] fatal: not a git repository (or any of the parent directories): .git
2023-09-13 15:07:45.498 [info] > git rev-parse --show-toplevel [1ms]
2023-09-13 15:07:45.498 [info] fatal: not a git repository (or any of the parent directories): .git
2023-09-13 15:07:46.012 [info] > git rev-parse --show-toplevel [1ms]
2023-09-13 15:07:46.012 [info] fatal: not a git repository (or any of the parent directories): .git
2023-09-13 15:07:52.942 [info] > git rev-parse --show-toplevel [1ms]
2023-09-13 15:07:52.942 [info] fatal: not a git repository (or any of the parent directories): .git
2023-09-13 15:07:59.046 [info] > git rev-parse --show-toplevel [1ms]
2023-09-13 15:07:59.046 [info] fatal: not a git repository (or any of the parent directories): .git
2023-09-13 15:08:07.253 [info] > git rev-parse --show-toplevel [0ms]
2023-09-13 15:08:07.253 [info] fatal: not a git repository (or any of the parent directories): .git
2023-09-13 15:08:07.766 [info] > git rev-parse --show-toplevel [1ms]
2023-09-13 15:08:07.766 [info] fatal: not a git repository (or any of the parent directories): .git
2023-09-13 15:08:09.946 [info] > git rev-parse --show-toplevel [1ms]
2023-09-13 15:08:09.946 [info] fatal: not a git repository (or any of the parent directories): .git
2023-09-13 15:08:18.775 [info] > git rev-parse --show-toplevel [1ms]
2023-09-13 15:08:18.775 [info] fatal: not a git repository (or any of the parent directories): .git
2023-09-13 15:10:44.864 [info] > git rev-parse --show-toplevel [0ms]
2023-09-13 15:10:44.864 [info] fatal: not a git repository (or any of the parent directories): .git
