2023-09-13 15:22:04.780 [info] Log level: Info
2023-09-13 15:22:04.780 [info] Validating found git in: "git"
2023-09-13 15:22:04.780 [info] Using git "2.20.1" from "git"
2023-09-13 15:22:04.780 [info] > git rev-parse --show-toplevel [34ms]
2023-09-13 15:22:04.780 [info] fatal: not a git repository (or any of the parent directories): .git
2023-09-13 15:22:04.780 [info] > git rev-parse --show-toplevel [20ms]
2023-09-13 15:22:04.780 [info] fatal: not a git repository (or any of the parent directories): .git
2023-09-13 15:22:04.780 [info] > git rev-parse --show-toplevel [2ms]
2023-09-13 15:22:04.780 [info] fatal: not a git repository (or any of the parent directories): .git
2023-09-13 15:22:04.783 [info] > git rev-parse --show-toplevel [1ms]
2023-09-13 15:22:04.783 [info] fatal: not a git repository (or any of the parent directories): .git
2023-09-13 15:22:04.786 [info] > git rev-parse --show-toplevel [1ms]
2023-09-13 15:22:04.786 [info] fatal: not a git repository (or any of the parent directories): .git
2023-09-13 15:22:04.788 [info] > git rev-parse --show-toplevel [0ms]
2023-09-13 15:22:04.788 [info] fatal: not a git repository (or any of the parent directories): .git
2023-09-13 15:22:04.791 [info] > git rev-parse --show-toplevel [0ms]
2023-09-13 15:22:04.791 [info] fatal: not a git repository (or any of the parent directories): .git
2023-09-13 15:22:16.009 [info] > git rev-parse --show-toplevel [88ms]
2023-09-13 15:22:16.009 [info] fatal: not a git repository (or any of the parent directories): .git
2023-09-13 15:22:22.643 [info] > git rev-parse --show-toplevel [1ms]
2023-09-13 15:22:22.643 [info] fatal: not a git repository (or any of the parent directories): .git
2023-09-13 15:23:36.854 [info] > git rev-parse --show-toplevel [1ms]
2023-09-13 15:23:36.854 [info] fatal: not a git repository (or any of the parent directories): .git
2023-09-13 15:23:46.796 [info] > git rev-parse --show-toplevel [1ms]
2023-09-13 15:23:46.796 [info] fatal: not a git repository (or any of the parent directories): .git
2023-09-13 15:23:48.152 [info] > git rev-parse --show-toplevel [1ms]
2023-09-13 15:23:48.152 [info] fatal: not a git repository (or any of the parent directories): .git
2023-09-13 15:23:52.380 [info] > git rev-parse --show-toplevel [1ms]
2023-09-13 15:23:52.380 [info] fatal: not a git repository (or any of the parent directories): .git
2023-09-13 15:23:59.570 [info] > git rev-parse --show-toplevel [1ms]
2023-09-13 15:23:59.570 [info] fatal: not a git repository (or any of the parent directories): .git
2023-09-13 15:25:47.809 [info] > git rev-parse --show-toplevel [2ms]
2023-09-13 15:25:47.809 [info] fatal: not a git repository (or any of the parent directories): .git
2023-09-13 15:25:48.973 [info] > git rev-parse --show-toplevel [1ms]
2023-09-13 15:25:48.973 [info] fatal: not a git repository (or any of the parent directories): .git
2023-09-13 15:26:40.617 [info] > git rev-parse --show-toplevel [2ms]
2023-09-13 15:26:40.617 [info] fatal: not a git repository (or any of the parent directories): .git
2023-09-13 15:26:52.647 [info] > git rev-parse --show-toplevel [1ms]
2023-09-13 15:26:52.647 [info] fatal: not a git repository (or any of the parent directories): .git
2023-09-13 15:27:13.939 [info] > git rev-parse --show-toplevel [2ms]
2023-09-13 15:27:13.939 [info] fatal: not a git repository (or any of the parent directories): .git
2023-09-13 15:27:31.358 [info] > git rev-parse --show-toplevel [3ms]
2023-09-13 15:27:31.358 [info] fatal: not a git repository (or any of the parent directories): .git
2023-09-13 15:27:31.820 [info] > git rev-parse --show-toplevel [1ms]
2023-09-13 15:27:31.820 [info] fatal: not a git repository (or any of the parent directories): .git
2023-09-13 15:27:39.449 [info] > git rev-parse --show-toplevel [0ms]
2023-09-13 15:27:39.449 [info] fatal: not a git repository (or any of the parent directories): .git
2023-09-13 15:27:40.920 [info] > git rev-parse --show-toplevel [1ms]
2023-09-13 15:27:40.920 [info] fatal: not a git repository (or any of the parent directories): .git
2023-09-13 15:28:39.956 [info] > git rev-parse --show-toplevel [2ms]
2023-09-13 15:28:39.956 [info] fatal: not a git repository (or any of the parent directories): .git
2023-09-13 15:28:53.159 [info] > git rev-parse --show-toplevel [2ms]
2023-09-13 15:28:53.159 [info] fatal: not a git repository (or any of the parent directories): .git
2023-09-13 15:28:56.849 [info] > git rev-parse --show-toplevel [0ms]
2023-09-13 15:28:56.849 [info] fatal: not a git repository (or any of the parent directories): .git
2023-09-13 15:29:39.857 [info] > git rev-parse --show-toplevel [1ms]
2023-09-13 15:29:39.857 [info] fatal: not a git repository (or any of the parent directories): .git
2023-09-13 15:29:41.737 [info] > git rev-parse --show-toplevel [1ms]
2023-09-13 15:29:41.737 [info] fatal: not a git repository (or any of the parent directories): .git
2023-09-14 00:14:47.233 [info] > git rev-parse --show-toplevel [1ms]
2023-09-14 00:14:47.233 [info] fatal: not a git repository (or any of the parent directories): .git
2023-09-14 00:14:47.854 [info] > git rev-parse --show-toplevel [1ms]
2023-09-14 00:14:47.854 [info] fatal: not a git repository (or any of the parent directories): .git
2023-09-14 00:14:51.637 [info] > git rev-parse --show-toplevel [1ms]
2023-09-14 00:14:51.637 [info] fatal: not a git repository (or any of the parent directories): .git
2023-09-14 00:14:53.017 [info] > git rev-parse --show-toplevel [1ms]
2023-09-14 00:14:53.017 [info] fatal: not a git repository (or any of the parent directories): .git
2023-09-14 00:14:53.599 [info] > git rev-parse --show-toplevel [1ms]
2023-09-14 00:14:53.599 [info] fatal: not a git repository (or any of the parent directories): .git
2023-09-14 00:14:54.266 [info] > git rev-parse --show-toplevel [1ms]
2023-09-14 00:14:54.266 [info] fatal: not a git repository (or any of the parent directories): .git
2023-09-14 00:14:55.939 [info] > git rev-parse --show-toplevel [1ms]
2023-09-14 00:14:55.940 [info] fatal: not a git repository (or any of the parent directories): .git
2023-09-14 00:14:56.473 [info] > git rev-parse --show-toplevel [1ms]
2023-09-14 00:14:56.473 [info] fatal: not a git repository (or any of the parent directories): .git
2023-09-14 00:14:59.317 [info] > git rev-parse --show-toplevel [1ms]
2023-09-14 00:14:59.317 [info] fatal: not a git repository (or any of the parent directories): .git
2023-09-14 00:15:03.090 [info] > git rev-parse --show-toplevel [1ms]
2023-09-14 00:15:03.090 [info] fatal: not a git repository (or any of the parent directories): .git
2023-09-14 00:15:03.892 [info] > git rev-parse --show-toplevel [1ms]
2023-09-14 00:15:03.892 [info] fatal: not a git repository (or any of the parent directories): .git
2023-09-14 00:15:55.352 [info] > git rev-parse --show-toplevel [1ms]
2023-09-14 00:15:55.352 [info] fatal: not a git repository (or any of the parent directories): .git
2023-09-14 00:16:04.518 [info] > git rev-parse --show-toplevel [1ms]
2023-09-14 00:16:04.518 [info] fatal: not a git repository (or any of the parent directories): .git
2023-09-14 00:16:08.145 [info] > git rev-parse --show-toplevel [1ms]
2023-09-14 00:16:08.146 [info] fatal: not a git repository (or any of the parent directories): .git
2023-09-14 00:16:13.696 [info] > git rev-parse --show-toplevel [0ms]
2023-09-14 00:16:13.696 [info] fatal: not a git repository (or any of the parent directories): .git
2023-09-14 00:16:19.886 [info] > git rev-parse --show-toplevel [1ms]
2023-09-14 00:16:19.886 [info] fatal: not a git repository (or any of the parent directories): .git
2023-09-14 00:16:20.421 [info] > git rev-parse --show-toplevel [1ms]
2023-09-14 00:16:20.421 [info] fatal: not a git repository (or any of the parent directories): .git
2023-09-14 00:17:27.837 [info] > git rev-parse --show-toplevel [2ms]
2023-09-14 00:17:27.837 [info] fatal: not a git repository (or any of the parent directories): .git
2023-09-14 00:17:28.948 [info] > git rev-parse --show-toplevel [1ms]
2023-09-14 00:17:28.948 [info] fatal: not a git repository (or any of the parent directories): .git
2023-09-14 00:18:02.179 [info] > git rev-parse --show-toplevel [2ms]
2023-09-14 00:18:02.179 [info] fatal: not a git repository (or any of the parent directories): .git
2023-09-14 00:18:19.156 [info] > git rev-parse --show-toplevel [2ms]
2023-09-14 00:18:19.156 [info] fatal: not a git repository (or any of the parent directories): .git
2023-09-14 00:18:21.799 [info] > git rev-parse --show-toplevel [1ms]
2023-09-14 00:18:21.799 [info] fatal: not a git repository (or any of the parent directories): .git
2023-09-14 00:18:25.443 [info] > git rev-parse --show-toplevel [1ms]
2023-09-14 00:18:25.443 [info] fatal: not a git repository (or any of the parent directories): .git
2023-09-14 00:18:26.739 [info] > git rev-parse --show-toplevel [1ms]
2023-09-14 00:18:26.739 [info] fatal: not a git repository (or any of the parent directories): .git
2023-09-14 00:19:17.368 [info] > git rev-parse --show-toplevel [2ms]
2023-09-14 00:19:17.368 [info] fatal: not a git repository (or any of the parent directories): .git
2023-09-14 00:19:29.385 [info] > git rev-parse --show-toplevel [1ms]
2023-09-14 00:19:29.385 [info] fatal: not a git repository (or any of the parent directories): .git
2023-09-14 00:19:34.938 [info] > git rev-parse --show-toplevel [1ms]
2023-09-14 00:19:34.938 [info] fatal: not a git repository (or any of the parent directories): .git
2023-09-14 00:20:04.922 [info] > git rev-parse --show-toplevel [2ms]
2023-09-14 00:20:04.922 [info] fatal: not a git repository (or any of the parent directories): .git
2023-09-14 00:20:10.674 [info] > git rev-parse --show-toplevel [1ms]
2023-09-14 00:20:10.674 [info] fatal: not a git repository (or any of the parent directories): .git
2023-09-14 00:21:12.067 [info] > git rev-parse --show-toplevel [2ms]
2023-09-14 00:21:12.067 [info] fatal: not a git repository (or any of the parent directories): .git
2023-09-14 00:21:12.456 [info] > git rev-parse --show-toplevel [1ms]
2023-09-14 00:21:12.456 [info] fatal: not a git repository (or any of the parent directories): .git
2023-09-14 00:21:13.276 [info] > git rev-parse --show-toplevel [1ms]
2023-09-14 00:21:13.276 [info] fatal: not a git repository (or any of the parent directories): .git
2023-09-14 00:21:13.663 [info] > git rev-parse --show-toplevel [0ms]
2023-09-14 00:21:13.663 [info] fatal: not a git repository (or any of the parent directories): .git
2023-09-14 00:21:14.044 [info] > git rev-parse --show-toplevel [0ms]
2023-09-14 00:21:14.045 [info] fatal: not a git repository (or any of the parent directories): .git
2023-09-14 00:21:15.313 [info] > git rev-parse --show-toplevel [0ms]
2023-09-14 00:21:15.313 [info] fatal: not a git repository (or any of the parent directories): .git
2023-09-14 00:30:07.999 [info] > git rev-parse --show-toplevel [1ms]
2023-09-14 00:30:08.002 [info] > git rev-parse --git-dir --git-common-dir [0ms]
2023-09-14 00:30:08.010 [info] Open repository: /root/MeshLib
2023-09-14 00:30:08.020 [info] > git config --get commit.template [5ms]
2023-09-14 00:30:08.021 [info] > git for-each-ref --format=%(refname)%00%(upstream:short)%00%(objectname)%00%(upstream:track)%00%(upstream:remotename)%00%(upstream:remoteref) refs/heads/master refs/remotes/master [1ms]
2023-09-14 00:30:08.032 [info] > git status -z -uall [5ms]
2023-09-14 00:30:08.032 [info] > git for-each-ref --sort -committerdate --format %(refname) %(objectname) %(*objectname) [2ms]
2023-09-14 00:30:08.049 [info] > git config --get commit.template [4ms]
2023-09-14 00:30:08.049 [info] > git for-each-ref --format=%(refname)%00%(upstream:short)%00%(objectname)%00%(upstream:track)%00%(upstream:remotename)%00%(upstream:remoteref) refs/heads/master refs/remotes/master [0ms]
2023-09-14 00:30:08.055 [info] > git status -z -uall [2ms]
2023-09-14 00:30:08.056 [info] > git for-each-ref --sort -committerdate --format %(refname) %(objectname) %(*objectname) [1ms]
2023-09-14 00:30:08.535 [info] > git check-ignore -v -z --stdin [1ms]
2023-09-14 00:30:13.913 [info] > git config --get commit.template [4ms]
2023-09-14 00:30:13.913 [info] > git for-each-ref --format=%(refname)%00%(upstream:short)%00%(objectname)%00%(upstream:track)%00%(upstream:remotename)%00%(upstream:remoteref) refs/heads/master refs/remotes/master [1ms]
2023-09-14 00:30:13.924 [info] > git for-each-ref --sort -committerdate --format %(refname) %(objectname) %(*objectname) [1ms]
2023-09-14 00:30:13.967 [info] > git status -z -uall [51ms]
2023-09-14 00:30:14.473 [info] > git rev-parse --show-toplevel [1ms]
2023-09-14 00:30:14.477 [info] > git rev-parse --show-toplevel [1ms]
2023-09-14 00:30:14.480 [info] > git rev-parse --show-toplevel [1ms]
2023-09-14 00:30:14.482 [info] > git rev-parse --show-toplevel [0ms]
2023-09-14 00:30:14.485 [info] > git rev-parse --show-toplevel [0ms]
2023-09-14 00:30:14.487 [info] > git rev-parse --show-toplevel [1ms]
2023-09-14 00:30:14.490 [info] > git rev-parse --show-toplevel [0ms]
2023-09-14 00:30:14.492 [info] > git rev-parse --show-toplevel [0ms]
2023-09-14 00:30:14.494 [info] > git rev-parse --show-toplevel [0ms]
2023-09-14 00:30:14.497 [info] > git rev-parse --show-toplevel [1ms]
2023-09-14 00:40:53.930 [info] > git rev-parse --show-toplevel [2ms]
2023-09-14 00:40:53.930 [info] fatal: not a git repository (or any of the parent directories): .git
2023-09-14 00:40:54.349 [info] > git rev-parse --show-toplevel [1ms]
2023-09-14 00:40:54.349 [info] fatal: not a git repository (or any of the parent directories): .git
2023-09-14 00:40:56.485 [info] > git rev-parse --show-toplevel [1ms]
2023-09-14 00:40:56.485 [info] fatal: not a git repository (or any of the parent directories): .git
2023-09-14 00:41:00.368 [info] > git rev-parse --show-toplevel [1ms]
2023-09-14 00:41:00.368 [info] fatal: not a git repository (or any of the parent directories): .git
2023-09-14 00:41:00.850 [info] > git rev-parse --show-toplevel [1ms]
2023-09-14 00:41:00.850 [info] fatal: not a git repository (or any of the parent directories): .git
2023-09-14 00:41:01.361 [info] > git rev-parse --show-toplevel [1ms]
2023-09-14 00:41:01.361 [info] fatal: not a git repository (or any of the parent directories): .git
2023-09-14 01:24:21.787 [info] > git rev-parse --show-toplevel [2ms]
2023-09-14 01:24:21.787 [info] fatal: not a git repository (or any of the parent directories): .git
2023-09-14 01:24:22.137 [info] > git rev-parse --show-toplevel [1ms]
2023-09-14 01:24:22.137 [info] fatal: not a git repository (or any of the parent directories): .git
2023-09-14 01:24:25.716 [info] > git rev-parse --show-toplevel [0ms]
2023-09-14 01:24:25.716 [info] fatal: not a git repository (or any of the parent directories): .git
2023-09-14 01:24:28.914 [info] > git rev-parse --show-toplevel [2ms]
2023-09-14 01:24:28.914 [info] fatal: not a git repository (or any of the parent directories): .git
2023-09-14 01:24:31.346 [info] > git rev-parse --show-toplevel [1ms]
2023-09-14 01:24:31.346 [info] fatal: not a git repository (or any of the parent directories): .git
2023-09-14 01:24:31.837 [info] > git rev-parse --show-toplevel [1ms]
2023-09-14 01:24:31.837 [info] fatal: not a git repository (or any of the parent directories): .git
2023-09-14 01:33:57.491 [info] > git rev-parse --show-toplevel [2ms]
2023-09-14 01:33:57.492 [info] fatal: not a git repository (or any of the parent directories): .git
2023-09-14 01:34:22.601 [info] > git rev-parse --show-toplevel [2ms]
2023-09-14 01:34:22.601 [info] fatal: not a git repository (or any of the parent directories): .git
2023-09-14 01:34:25.077 [info] > git rev-parse --show-toplevel [0ms]
2023-09-14 01:34:25.077 [info] fatal: not a git repository (or any of the parent directories): .git
2023-09-14 01:34:35.309 [info] > git rev-parse --show-toplevel [1ms]
2023-09-14 01:34:35.309 [info] fatal: not a git repository (or any of the parent directories): .git
2023-09-14 01:34:38.050 [info] > git rev-parse --show-toplevel [1ms]
2023-09-14 01:34:38.050 [info] fatal: not a git repository (or any of the parent directories): .git
2023-09-14 01:34:49.671 [info] > git rev-parse --show-toplevel [1ms]
2023-09-14 01:34:49.671 [info] fatal: not a git repository (or any of the parent directories): .git
2023-09-14 01:38:00.325 [info] > git rev-parse --show-toplevel [1ms]
2023-09-14 01:38:00.328 [info] > git rev-parse --git-dir --git-common-dir [1ms]
2023-09-14 01:38:00.333 [info] Open repository: /root
2023-09-14 01:38:00.339 [info] > git config --get commit.template [0ms]
2023-09-14 01:38:00.349 [warning] No remotes found in the git config file.
2023-09-14 01:38:00.349 [info] > git for-each-ref --format=%(refname)%00%(upstream:short)%00%(objectname)%00%(upstream:track)%00%(upstream:remotename)%00%(upstream:remoteref) refs/heads/master refs/remotes/master [6ms]
2023-09-14 01:38:00.350 [info] > git remote --verbose [1ms]
2023-09-14 01:38:00.365 [info] > git for-each-ref --sort -committerdate --format %(refname) %(objectname) %(*objectname) [1ms]
2023-09-14 01:38:00.434 [info] > git status -z -uall [77ms]
2023-09-14 01:38:00.820 [info] > git show --textconv :main.py [26ms]
2023-09-14 01:38:00.821 [info] > git show --textconv :models/point_cloud.py [23ms]
2023-09-14 01:38:00.821 [info] > git show --textconv :models/dir_utils.py [19ms]
2023-09-14 01:38:00.821 [info] > git show --textconv :gui.py [16ms]
2023-09-14 01:38:00.821 [info] > git show --textconv :ray_intersect.py [14ms]
2023-09-14 01:38:00.821 [info] > git ls-files --stage -- /root/gui.py [3ms]
2023-09-14 01:38:00.821 [info] > git ls-files --stage -- /root/models/dir_utils.py [6ms]
2023-09-14 01:38:00.821 [info] > git ls-files --stage -- /root/models/point_cloud.py [8ms]
2023-09-14 01:38:00.821 [info] > git ls-files --stage -- /root/main.py [11ms]
2023-09-14 01:38:00.822 [info] > git ls-files --stage -- /root/ray_intersect.py [2ms]
2023-09-14 01:38:00.874 [info] > git check-ignore -v -z --stdin [4ms]
2023-09-14 01:38:00.874 [info] > git check-ignore -v -z --stdin [1ms]
2023-09-14 01:38:05.121 [info] > git config --get commit.template [1ms]
2023-09-14 01:38:05.126 [warning] No remotes found in the git config file.
2023-09-14 01:38:05.126 [info] > git for-each-ref --format=%(refname)%00%(upstream:short)%00%(objectname)%00%(upstream:track)%00%(upstream:remotename)%00%(upstream:remoteref) refs/heads/master refs/remotes/master [2ms]
2023-09-14 01:38:05.127 [info] > git remote --verbose [1ms]
2023-09-14 01:38:05.132 [info] > git for-each-ref --sort -committerdate --format %(refname) %(objectname) %(*objectname) [1ms]
2023-09-14 01:38:05.142 [info] > git status -z -uall [13ms]
2023-09-14 01:38:28.550 [info] > git config --get commit.template [0ms]
2023-09-14 01:38:28.556 [warning] No remotes found in the git config file.
2023-09-14 01:38:28.556 [info] > git remote --verbose [0ms]
2023-09-14 01:38:28.556 [info] > git for-each-ref --format=%(refname)%00%(upstream:short)%00%(objectname)%00%(upstream:track)%00%(upstream:remotename)%00%(upstream:remoteref) refs/heads/master refs/remotes/master [3ms]
2023-09-14 01:38:28.564 [info] > git for-each-ref --sort -committerdate --format %(refname) %(objectname) %(*objectname) [0ms]
2023-09-14 01:38:28.576 [info] > git status -z -uall [15ms]
2023-09-14 01:38:33.598 [info] > git config --get commit.template [1ms]
2023-09-14 01:38:33.604 [warning] No remotes found in the git config file.
2023-09-14 01:38:33.604 [info] > git remote --verbose [0ms]
2023-09-14 01:38:33.604 [info] > git for-each-ref --format=%(refname)%00%(upstream:short)%00%(objectname)%00%(upstream:track)%00%(upstream:remotename)%00%(upstream:remoteref) refs/heads/master refs/remotes/master [3ms]
2023-09-14 01:38:33.611 [info] > git for-each-ref --sort -committerdate --format %(refname) %(objectname) %(*objectname) [0ms]
2023-09-14 01:38:33.618 [info] > git status -z -uall [11ms]
2023-09-14 01:38:38.638 [info] > git config --get commit.template [1ms]
2023-09-14 01:38:38.644 [warning] No remotes found in the git config file.
2023-09-14 01:38:38.644 [info] > git for-each-ref --format=%(refname)%00%(upstream:short)%00%(objectname)%00%(upstream:track)%00%(upstream:remotename)%00%(upstream:remoteref) refs/heads/master refs/remotes/master [3ms]
2023-09-14 01:38:38.645 [info] > git remote --verbose [1ms]
2023-09-14 01:38:38.650 [info] > git for-each-ref --sort -committerdate --format %(refname) %(objectname) %(*objectname) [1ms]
2023-09-14 01:38:38.659 [info] > git status -z -uall [12ms]
